
System          : Windows
Release         : 10
System_version  : 10.0.22616
Machine         : AMD64
Processor       : Intel64 Family 6 Model 61 Stepping 4, GenuineIntel
Python_version  : 3.10.1
Generated_Date  : 2022/05/14 12:36:56
Software_version: 1.4.9.3_CUI_Dev_20220304 debug_mode
Mode            : debug_mode
System          : Windows
Release         : 10
System_version  : 10.0.22616
Machine         : AMD64
Processor       : Intel64 Family 6 Model 61 Stepping 4, GenuineIntel
Python_version  : 3.10.1
Generated_Date  : 2022/05/14 13:13:12
Software_version: 1.4.9.3_CUI_Dev_20220304 debug_mode
Mode            : debug_modeSystem          : Windows
Release         : 10
System_version  : 10.0.22616
Machine         : AMD64
Processor       : Intel64 Family 6 Model 61 Stepping 4, GenuineIntel
Python_version  : 3.10.1
Generated_Date  : 2022/05/14 13:13:41
Software_version: 1.4.9.3_CUI_Dev_20220304 debug_mode
Mode            : debug_mode
System          : Windows
Release         : 10
System_version  : 10.0.22616
Machine         : AMD64
Processor       : Intel64 Family 6 Model 61 Stepping 4, GenuineIntel
Python_version  : 3.10.1
Generated_Date  : 2022/05/14 13:13:55
Software_version: 1.4.9.3_CUI_Dev_20220304 debug_mode
Mode            : debug_mode

System          : Windows
Release         : 10
System_version  : 10.0.22616
Machine         : AMD64
Processor       : Intel64 Family 6 Model 61 Stepping 4, GenuineIntel
Python_version  : 3.10.1
Generated_Date  : 2022/05/14 13:14:26
Software_version: 1.4.9.3_CUI_Dev_20220304 debug_mode
Mode            : debug_mode

System          : Windows
Release         : 10
System_version  : 10.0.22616
Machine         : AMD64
Processor       : Intel64 Family 6 Model 61 Stepping 4, GenuineIntel
Python_version  : 3.10.1
Generated_Date  : 2022/05/14 13:33:50
Software_version: 1.4.9.3_CUI_Dev_20220304 debug_mode
Mode            : debug_mode
